e:\nckh\debugai\ai_cpp\ai\debug\vc141.pdb
e:\nckh\debugai\ai_cpp\ai\debug\vc141.idb
e:\nckh\debugai\ai_cpp\ai\debug\source.obj
e:\nckh\debugai\ai_cpp\ai\debug\readandwrite.obj
e:\nckh\lastversionofthisyear\ai_cpp\ai\debug\vc141.pdb
e:\nckh\lastversionofthisyear\ai_cpp\ai\debug\vc141.idb
e:\nckh\lastversionofthisyear\ai_cpp\ai\debug\source.obj
e:\nckh\lastversionofthisyear\ai_cpp\ai\debug\readandwrite.obj
e:\nckh\debugai\ai_cpp\debug\ai.exe
e:\nckh\debugai\ai_cpp\debug\ai.ilk
e:\nckh\debugai\ai_cpp\debug\ai.pdb
e:\nckh\lastversionofthisyear\ai_cpp\debug\ai.exe
e:\nckh\lastversionofthisyear\ai_cpp\debug\ai.ilk
e:\nckh\lastversionofthisyear\ai_cpp\debug\ai.pdb
e:\nckh\lastversionofthisyear\ai_cpp\ai\debug\ai.tlog\cl.command.1.tlog
e:\nckh\lastversionofthisyear\ai_cpp\ai\debug\ai.tlog\cl.read.1.tlog
e:\nckh\lastversionofthisyear\ai_cpp\ai\debug\ai.tlog\cl.write.1.tlog
e:\nckh\lastversionofthisyear\ai_cpp\ai\debug\ai.tlog\link.command.1.tlog
e:\nckh\lastversionofthisyear\ai_cpp\ai\debug\ai.tlog\link.read.1.tlog
e:\nckh\lastversionofthisyear\ai_cpp\ai\debug\ai.tlog\link.write.1.tlog
